<?xml version="1.0" encoding="UTF-8"?>
<testsuite xmlns:xsi="http://www.w3.org/2001/XMLSchema-instance" xsi:noNamespaceSchemaLocation="https://maven.apache.org/surefire/maven-surefire-plugin/xsd/surefire-test-report-3.0.xsd" version="3.0" name="com.example.dashboard.DashBoardControllerTests" time="1" tests="32" errors="0" skipped="0" failures="0">
  <properties>
[...]
</properties>
  <testcase name="testCreateDataUsage" classname="com.example.dashboard.DashBoardControllerTests" time="0.088">
    <system-out><![CDATA[2023-10-29T04:56:33.714+05:30  INFO 189439 --- [           main] t.c.s.AnnotationConfigContextLoaderUtils : Could not detect default configuration classes for test class [com.example.dashboard.DashBoardControllerTests]: DashBoardControllerTests does not declare any static, non-private, non-final, nested classes annotated with @Configuration.
2023-10-29T04:56:33.728+05:30  INFO 189439 --- [           main] .b.t.c.SpringBootTestContextBootstrapper : Found @SpringBootConfiguration com.example.dashboard.DashboardApplication for test class com.example.dashboard.DashBoardControllerTests

  .   ____          _            __ _ _
 /\\ / ___'_ __ _ _(_)_ __  __ _ \ \ \ \
( ( )\___ | '_ | '_| | '_ \/ _` | \ \ \ \
 \\/  ___)| |_)| | | | | || (_| |  ) ) ) )
  '  |____| .__|_| |_|_| |_\__, | / / / /
 =========|_|==============|___/=/_/_/_/
 :: Spring Boot ::                (v3.1.4)

2023-10-29T04:56:33.754+05:30  INFO 189439 --- [           main] c.e.dashboard.DashBoardControllerTests   : Starting DashBoardControllerTests using Java 17.0.8 with PID 189439 (started by akhila03 in /home/akhila03/Downloads/CapstoneProject/Capstone/dashboard)
2023-10-29T04:56:33.754+05:30  INFO 189439 --- [           main] c.e.dashboard.DashBoardControllerTests   : No active profile set, falling back to 1 default profile: "default"
2023-10-29T04:56:33.945+05:30  INFO 189439 --- [           main] .s.d.r.c.RepositoryConfigurationDelegate : Bootstrapping Spring Data MongoDB repositories in DEFAULT mode.
2023-10-29T04:56:33.952+05:30  INFO 189439 --- [           main] .s.d.r.c.RepositoryConfigurationDelegate : Finished Spring Data repository scanning in 6 ms. Found 5 MongoDB repository interfaces.
2023-10-29T04:56:34.300+05:30  INFO 189439 --- [           main] org.mongodb.driver.client                : MongoClient with metadata {"driver": {"name": "mongo-java-driver|sync|spring-boot", "version": "4.9.1"}, "os": {"type": "Linux", "name": "Linux", "architecture": "amd64", "version": "5.15.90.1-microsoft-standard-WSL2"}, "platform": "Java/Debian/17.0.8+7-Debian-1deb12u1"} created with settings MongoClientSettings{readPreference=primary, writeConcern=WriteConcern{w=null, wTimeout=null ms, journal=null}, retryWrites=true, retryReads=true, readConcern=ReadConcern{level=null}, credential=null, streamFactoryFactory=null, commandListeners=[], codecRegistry=ProvidersCodecRegistry{codecProviders=[ValueCodecProvider{}, BsonValueCodecProvider{}, DBRefCodecProvider{}, DBObjectCodecProvider{}, DocumentCodecProvider{}, CollectionCodecProvider{}, IterableCodecProvider{}, MapCodecProvider{}, GeoJsonCodecProvider{}, GridFSFileCodecProvider{}, Jsr310CodecProvider{}, JsonObjectCodecProvider{}, BsonCodecProvider{}, EnumCodecProvider{}, com.mongodb.client.model.mql.ExpressionCodecProvider@6999dca2, com.mongodb.Jep395RecordCodecProvider@312af870]}, loggerSettings=LoggerSettings{maxDocumentLength=1000}, clusterSettings={hosts=[localhost:27017], srvServiceName=mongodb, mode=SINGLE, requiredClusterType=UNKNOWN, requiredReplicaSetName='null', serverSelector='null', clusterListeners='[]', serverSelectionTimeout='30000 ms', localThreshold='30000 ms'}, socketSettings=SocketSettings{connectTimeoutMS=10000, readTimeoutMS=0, receiveBufferSize=0, sendBufferSize=0}, heartbeatSocketSettings=SocketSettings{connectTimeoutMS=10000, readTimeoutMS=10000, receiveBufferSize=0, sendBufferSize=0}, connectionPoolSettings=ConnectionPoolSettings{maxSize=100, minSize=0, maxWaitTimeMS=120000, maxConnectionLifeTimeMS=0, maxConnectionIdleTimeMS=0, maintenanceInitialDelayMS=0, maintenanceFrequencyMS=60000, connectionPoolListeners=[], maxConnecting=2}, serverSettings=ServerSettings{heartbeatFrequencyMS=10000, minHeartbeatFrequencyMS=500, serverListeners='[]', serverMonitorListeners='[]'}, sslSettings=SslSettings{enabled=false, invalidHostNameAllowed=false, context=null}, applicationName='null', compressorList=[], uuidRepresentation=JAVA_LEGACY, serverApi=null, autoEncryptionSettings=null, contextProvider=null}
2023-10-29T04:56:34.301+05:30  INFO 189439 --- [localhost:27017] org.mongodb.driver.cluster               : Monitor thread successfully connected to server with description ServerDescription{address=localhost:27017, type=STANDALONE, state=CONNECTED, ok=true, minWireVersion=0, maxWireVersion=21, maxDocumentSize=16777216, logicalSessionTimeoutMinutes=30, roundTripTimeNanos=1271508}
2023-10-29T04:56:34.365+05:30  INFO 189439 --- [           main] o.s.b.t.m.w.SpringBootMockServletContext : Initializing Spring TestDispatcherServlet ''
2023-10-29T04:56:34.365+05:30  INFO 189439 --- [           main] o.s.t.web.servlet.TestDispatcherServlet  : Initializing Servlet ''
2023-10-29T04:56:34.366+05:30  INFO 189439 --- [           main] o.s.t.web.servlet.TestDispatcherServlet  : Completed initialization in 1 ms
2023-10-29T04:56:34.378+05:30  INFO 189439 --- [           main] c.e.dashboard.DashBoardControllerTests   : Started DashBoardControllerTests in 0.645 seconds (process running for 8.841)
]]></system-out>
  </testcase>
  <testcase name="testAddPlan" classname="com.example.dashboard.DashBoardControllerTests" time="0.015"/>
  <testcase name="testGetAllDataUsages" classname="com.example.dashboard.DashBoardControllerTests" time="0.01"/>
  <testcase name="testGetTotalRevenue" classname="com.example.dashboard.DashBoardControllerTests" time="0.009"/>
  <testcase name="testGetAllPlans" classname="com.example.dashboard.DashBoardControllerTests" time="0.007"/>
  <testcase name="testGetAllTexts" classname="com.example.dashboard.DashBoardControllerTests" time="0.007"/>
  <testcase name="testGetAverageCallDuration" classname="com.example.dashboard.DashBoardControllerTests" time="0.006"/>
  <testcase name="testCreateCallHistory" classname="com.example.dashboard.DashBoardControllerTests" time="0.012"/>
  <testcase name="testGetPlansByType" classname="com.example.dashboard.DashBoardControllerTests" time="0.008"/>
  <testcase name="testCountCallsInIntervals" classname="com.example.dashboard.DashBoardControllerTests" time="0.009"/>
  <testcase name="testCountPostpaidSubscribersByLocation" classname="com.example.dashboard.DashBoardControllerTests" time="0.007"/>
  <testcase name="testGetDataUsageByPhoneNumber" classname="com.example.dashboard.DashBoardControllerTests" time="0.011"/>
  <testcase name="testCreateSubscriber" classname="com.example.dashboard.DashBoardControllerTests" time="0.01"/>
  <testcase name="testCountPrepaidSubscribersByLocation" classname="com.example.dashboard.DashBoardControllerTests" time="0.006"/>
  <testcase name="testGetTotalRevenueForLocation" classname="com.example.dashboard.DashBoardControllerTests" time="0.005"/>
  <testcase name="testGetTotalSubscribers" classname="com.example.dashboard.DashBoardControllerTests" time="0.006"/>
  <testcase name="testGetAllCallHistories" classname="com.example.dashboard.DashBoardControllerTests" time="0.008"/>
  <testcase name="testGetPostpaidRevenueForLocation" classname="com.example.dashboard.DashBoardControllerTests" time="0.005"/>
  <testcase name="testGetCallHistoryWithDurations" classname="com.example.dashboard.DashBoardControllerTests" time="0.004"/>
  <testcase name="testGetTotalConsumedData" classname="com.example.dashboard.DashBoardControllerTests" time="0.004"/>
  <testcase name="testGetPostpaidRevenue" classname="com.example.dashboard.DashBoardControllerTests" time="0.003"/>
  <testcase name="testCreateText" classname="com.example.dashboard.DashBoardControllerTests" time="0.006"/>
  <testcase name="testGetTextsByPhoneNumber" classname="com.example.dashboard.DashBoardControllerTests" time="0.004"/>
  <testcase name="testGetPrepaidRevenue" classname="com.example.dashboard.DashBoardControllerTests" time="0.003"/>
  <testcase name="testCountTextsInIntervals" classname="com.example.dashboard.DashBoardControllerTests" time="0.003"/>
  <testcase name="testGetCallHistoryByPhoneNumber" classname="com.example.dashboard.DashBoardControllerTests" time="0.004"/>
  <testcase name="testGetPostpaidSubscribers" classname="com.example.dashboard.DashBoardControllerTests" time="0.003"/>
  <testcase name="testGetPrepaidSubscribers" classname="com.example.dashboard.DashBoardControllerTests" time="0.004"/>
  <testcase name="testGetPrepaidRevenueForLocation" classname="com.example.dashboard.DashBoardControllerTests" time="0.004"/>
  <testcase name="testCountSubscribersByPlanName" classname="com.example.dashboard.DashBoardControllerTests" time="0.004"/>
  <testcase name="testGetSubscriberCount" classname="com.example.dashboard.DashBoardControllerTests" time="0.003"/>
  <testcase name="testGetAllSubscribers" classname="com.example.dashboard.DashBoardControllerTests" time="0.004"/>
</testsuite>